<?xml version="1.0" encoding="UTF-8"?>
<!-- Generated by org.testng.reporters.JUnitXMLReporter -->
<testsuite ignored="0" hostname="LAPTOP-I18JAT8J" failures="0" tests="8" name="EdgeTest(failed)" time="0.076" errors="0" timestamp="2022-11-16T16:06:44 IST">
  <testcase classname="TestNGpack.VerifyAddToCardButton" name="@BeforeTest launchBrowser" time="0.007">
    <failure type="java.lang.IllegalStateException" message="The driver executable does not exist: C:\Users\JAYSHRI WASEKAR\git\AmazonRepository\AmazonAutomate\src\test\resource\browsers\msedgedriver.exe">
      <![CDATA[java.lang.IllegalStateException: The driver executable does not exist: C:\Users\JAYSHRI WASEKAR\git\AmazonRepository\AmazonAutomate\src\test\resource\browsers\msedgedriver.exe
at com.google.common.base.Preconditions.checkState(Preconditions.java:585)
at org.openqa.selenium.remote.service.DriverService.checkExecutable(DriverService.java:146)
at org.openqa.selenium.remote.service.DriverService.findExecutable(DriverService.java:141)
at org.openqa.selenium.edge.EdgeDriverService.access$000(EdgeDriverService.java:37)
at org.openqa.selenium.edge.EdgeDriverService$Builder.findDefaultExecutable(EdgeDriverService.java:90)
at org.openqa.selenium.remote.service.DriverService$Builder.build(DriverService.java:355)
at org.openqa.selenium.edge.EdgeDriverService.createDefaultService(EdgeDriverService.java:70)
at org.openqa.selenium.edge.EdgeDriver.<init>(EdgeDriver.java:96)
at setup.Base.openEdgeBrowser(Base.java:19)
at TestNGpack.VerifyAddToCardButton.launchBrowser(VerifyAddToCardButton.java:49)
... Removed 22 stack frames]]>
    </failure>
  </testcase> <!-- @BeforeTest launchBrowser -->
  <testcase classname="TestNGpack.VerifyHomePage" name="@BeforeTest launchBrowser" time="-1.66859500469E9">
    <skipped/>
  </testcase> <!-- @BeforeTest launchBrowser -->
  <testcase classname="TestNGpack.VerifyProductDetailspage" name="@BeforeTest launchBrowser" time="-1.668595004691E9">
    <skipped/>
  </testcase> <!-- @BeforeTest launchBrowser -->
  <testcase classname="TestNGpack.VerifyProductDetailspage" name="@BeforeClass createPOMObjects" time="-1.668595004694E9">
    <skipped/>
  </testcase> <!-- @BeforeClass createPOMObjects -->
  <testcase classname="TestNGpack.VerifyHomePage" name="@BeforeClass createPOMObjects" time="-1.668595004695E9">
    <skipped/>
  </testcase> <!-- @BeforeClass createPOMObjects -->
  <testcase classname="TestNGpack.VerifyAddToCardButton" name="@BeforeClass createPOMObjects" time="-1.668595004695E9">
    <skipped/>
  </testcase> <!-- @BeforeClass createPOMObjects -->
  <testcase classname="TestNGpack.VerifyProductDetailspage" name="@BeforeMethod openAmazoneHomePage" time="-1.668595004696E9">
    <skipped/>
  </testcase> <!-- @BeforeMethod openAmazoneHomePage -->
  <testcase classname="TestNGpack.VerifyAddToCardButton" name="@BeforeMethod openAmazonHomePage" time="-1.6685950047E9">
    <skipped/>
  </testcase> <!-- @BeforeMethod openAmazonHomePage -->
  <testcase classname="TestNGpack.VerifyHomePage" name="@BeforeMethod openAmazonHomePage" time="-1.668595004699E9">
    <skipped/>
  </testcase> <!-- @BeforeMethod openAmazonHomePage -->
  <testcase classname="TestNGpack.VerifyAddToCardButton" name="@AfterMethod logOutFromApplication" time="-1.668595004714E9">
    <skipped/>
  </testcase> <!-- @AfterMethod logOutFromApplication -->
  <testcase classname="TestNGpack.VerifyAddToCardButton" name="@BeforeMethod openAmazonHomePage" time="-1.668595004718E9">
    <skipped/>
  </testcase> <!-- @BeforeMethod openAmazonHomePage -->
  <testcase classname="TestNGpack.VerifyProductDetailspage" name="@AfterMethod logoutApplication" time="-1.668595004714E9">
    <skipped/>
  </testcase> <!-- @AfterMethod logoutApplication -->
  <testcase classname="TestNGpack.VerifyHomePage" name="@AfterMethod logoutFromApplication" time="-1.66859500472E9">
    <skipped/>
  </testcase> <!-- @AfterMethod logoutFromApplication -->
  <testcase classname="TestNGpack.VerifyProductDetailspage" name="@BeforeMethod openAmazoneHomePage" time="-1.668595004722E9">
    <skipped/>
  </testcase> <!-- @BeforeMethod openAmazoneHomePage -->
  <testcase classname="TestNGpack.VerifyAddToCardButton" name="@AfterMethod logOutFromApplication" time="-1.668595004725E9">
    <skipped/>
  </testcase> <!-- @AfterMethod logOutFromApplication -->
  <testcase classname="TestNGpack.VerifyAddToCardButton" name="@BeforeMethod openAmazonHomePage" time="-1.668595004727E9">
    <skipped/>
  </testcase> <!-- @BeforeMethod openAmazonHomePage -->
  <testcase classname="TestNGpack.VerifyHomePage" name="@BeforeMethod openAmazonHomePage" time="-1.668595004725E9">
    <skipped/>
  </testcase> <!-- @BeforeMethod openAmazonHomePage -->
  <testcase classname="TestNGpack.VerifyAddToCardButton" name="@AfterMethod logOutFromApplication" time="-1.668595004731E9">
    <skipped/>
  </testcase> <!-- @AfterMethod logOutFromApplication -->
  <testcase classname="TestNGpack.VerifyProductDetailspage" name="@AfterMethod logoutApplication" time="-1.66859500473E9">
    <skipped/>
  </testcase> <!-- @AfterMethod logoutApplication -->
  <testcase classname="TestNGpack.VerifyAddToCardButton" name="@AfterClass clearAll" time="-1.668595004736E9">
    <skipped/>
  </testcase> <!-- @AfterClass clearAll -->
  <testcase classname="TestNGpack.VerifyHomePage" name="@AfterMethod logoutFromApplication" time="-1.668595004734E9">
    <skipped/>
  </testcase> <!-- @AfterMethod logoutFromApplication -->
  <testcase classname="TestNGpack.VerifyProductDetailspage" name="@BeforeMethod openAmazoneHomePage" time="-1.66859500474E9">
    <skipped/>
  </testcase> <!-- @BeforeMethod openAmazoneHomePage -->
  <testcase classname="TestNGpack.VerifyHomePage" name="@AfterClass clearAll" time="-1.668595004743E9">
    <skipped/>
  </testcase> <!-- @AfterClass clearAll -->
  <testcase classname="TestNGpack.VerifyProductDetailspage" name="@AfterMethod logoutApplication" time="-1.668595004748E9">
    <skipped/>
  </testcase> <!-- @AfterMethod logoutApplication -->
  <testcase classname="TestNGpack.VerifyProductDetailspage" name="@AfterClass clearAll" time="-1.66859500475E9">
    <skipped/>
  </testcase> <!-- @AfterClass clearAll -->
  <testcase classname="TestNGpack.VerifyAddToCardButton" name="@AfterTest closeTheBrowser" time="-1.668595004753E9">
    <skipped/>
  </testcase> <!-- @AfterTest closeTheBrowser -->
  <testcase classname="TestNGpack.VerifyHomePage" name="@AfterTest closeBrowser" time="-1.668595004755E9">
    <skipped/>
  </testcase> <!-- @AfterTest closeBrowser -->
  <testcase classname="TestNGpack.VerifyProductDetailspage" name="@AfterTest closeBrowser" time="-1.668595004756E9">
    <skipped/>
  </testcase> <!-- @AfterTest closeBrowser -->
  <testcase classname="TestNGpack.VerifyProductDetailspage" name="vefiySearchBarButton" time="0.0">
    <skipped/>
  </testcase> <!-- vefiySearchBarButton -->
  <testcase classname="TestNGpack.VerifyAddToCardButton" name="verifySearchBar" time="0.0">
    <skipped/>
  </testcase> <!-- verifySearchBar -->
  <testcase classname="TestNGpack.VerifyHomePage" name="verifyhomepage" time="0.0">
    <skipped/>
  </testcase> <!-- verifyhomepage -->
  <testcase classname="TestNGpack.VerifyAddToCardButton" name="verifyAddToCardButton" time="0.0">
    <skipped/>
  </testcase> <!-- verifyAddToCardButton -->
  <testcase classname="TestNGpack.VerifyProductDetailspage" name="verifyProductDitails" time="0.0">
    <skipped/>
  </testcase> <!-- verifyProductDitails -->
  <testcase classname="TestNGpack.VerifyAddToCardButton" name="logOutFromApplication" time="0.0">
    <skipped/>
  </testcase> <!-- logOutFromApplication -->
  <testcase classname="TestNGpack.VerifyHomePage" name="verifySearchBar" time="0.0">
    <skipped/>
  </testcase> <!-- verifySearchBar -->
  <testcase classname="TestNGpack.VerifyProductDetailspage" name="verifyColourOfProduct" time="0.0">
    <skipped/>
  </testcase> <!-- verifyColourOfProduct -->
</testsuite> <!-- EdgeTest(failed) -->
