<html>
<head>
<title>TestNG:  ChromeTest</title>
<link href="../testng.css" rel="stylesheet" type="text/css" />
<link href="../my-testng.css" rel="stylesheet" type="text/css" />

<style type="text/css">
.log { display: none;} 
.stack-trace { display: none;} 
</style>
<script type="text/javascript">
<!--
function flip(e) {
  current = e.style.display;
  if (current == 'block') {
    e.style.display = 'none';
    return 0;
  }
  else {
    e.style.display = 'block';
    return 1;
  }
}

function toggleBox(szDivId, elem, msg1, msg2)
{
  var res = -1;  if (document.getElementById) {
    res = flip(document.getElementById(szDivId));
  }
  else if (document.all) {
    // this is the way old msie versions work
    res = flip(document.all[szDivId]);
  }
  if(elem) {
    if(res == 0) elem.innerHTML = msg1; else elem.innerHTML = msg2;
  }

}

function toggleAllBoxes() {
  if (document.getElementsByTagName) {
    d = document.getElementsByTagName('div');
    for (i = 0; i < d.length; i++) {
      if (d[i].className == 'log') {
        flip(d[i]);
      }
    }
  }
}

// -->
</script>

</head>
<body>
<h2 align='center'>ChromeTest</h2><table border='1' align="center">
<tr>
<td>Tests passed/Failed/Skipped:</td><td>0/0/8</td>
</tr><tr>
<td>Started on:</td><td>Sun Nov 20 18:25:10 IST 2022</td>
</tr>
<tr><td>Total time:</td><td>0 seconds (247 ms)</td>
</tr><tr>
<td>Included groups:</td><td></td>
</tr><tr>
<td>Excluded groups:</td><td></td>
</tr>
</table><p/>
<small><i>(Hover the method name to see the test class name)</i></small><p/>
<table width='100%' border='1' class='invocation-failed'>
<tr><td colspan='4' align='center'><b>FAILED CONFIGURATIONS</b></td></tr>
<tr><td><b>Test method</b></td>
<td width="30%"><b>Exception</b></td>
<td width="10%"><b>Time (seconds)</b></td>
<td><b>Instance</b></td>
</tr>
<tr>
<td title='TestNGpack.VerifyAddToCardButton.launchBrowser()'><b>launchBrowser</b><br>Test class: TestNGpack.VerifyAddToCardButton<br>Parameters: Chrome</td>
<td><div><pre>java.lang.IllegalStateException: The driver executable does not exist: C:\Users\JAYSHRI WASEKAR\git\AmazonRepository\AmazonAutomate\src\test\resources\browsers\chromeBrowser
	at com.google.common.base.Preconditions.checkState(Preconditions.java:585)
	at org.openqa.selenium.remote.service.DriverService.checkExecutable(DriverService.java:146)
	at org.openqa.selenium.remote.service.DriverService.findExecutable(DriverService.java:141)
	at org.openqa.selenium.chrome.ChromeDriverService.access$000(ChromeDriverService.java:35)
	at org.openqa.selenium.chrome.ChromeDriverService$Builder.findDefaultExecutable(ChromeDriverService.java:159)
	at org.openqa.selenium.remote.service.DriverService$Builder.build(DriverService.java:355)
	at org.openqa.selenium.chrome.ChromeDriverService.createDefaultService(ChromeDriverService.java:94)
	at org.openqa.selenium.chrome.ChromeDriver.&lt;init&gt;(ChromeDriver.java:123)
	at setup.Base.openChromeBrowser(Base.java:13)
	at TestNGpack.VerifyAddToCardButton.launchBrowser(VerifyAddToCardButton.java:45)
... Removed 22 stack frames</pre></div><a href='#' onClick='toggleBox("stack-trace561959774", this, "Click to show all stack frames", "Click to hide stack frames")'>Click to show all stack frames</a>
<div class='stack-trace' id='stack-trace561959774'><pre>java.lang.IllegalStateException: The driver executable does not exist: C:\Users\JAYSHRI WASEKAR\git\AmazonRepository\AmazonAutomate\src\test\resources\browsers\chromeBrowser
	at com.google.common.base.Preconditions.checkState(Preconditions.java:585)
	at org.openqa.selenium.remote.service.DriverService.checkExecutable(DriverService.java:146)
	at org.openqa.selenium.remote.service.DriverService.findExecutable(DriverService.java:141)
	at org.openqa.selenium.chrome.ChromeDriverService.access$000(ChromeDriverService.java:35)
	at org.openqa.selenium.chrome.ChromeDriverService$Builder.findDefaultExecutable(ChromeDriverService.java:159)
	at org.openqa.selenium.remote.service.DriverService$Builder.build(DriverService.java:355)
	at org.openqa.selenium.chrome.ChromeDriverService.createDefaultService(ChromeDriverService.java:94)
	at org.openqa.selenium.chrome.ChromeDriver.&lt;init&gt;(ChromeDriver.java:123)
	at setup.Base.openChromeBrowser(Base.java:13)
	at TestNGpack.VerifyAddToCardButton.launchBrowser(VerifyAddToCardButton.java:45)
	at java.base/jdk.internal.reflect.DirectMethodHandleAccessor.invoke(DirectMethodHandleAccessor.java:104)
	at java.base/java.lang.reflect.Method.invoke(Method.java:577)
	at org.testng.internal.MethodInvocationHelper.invokeMethod(MethodInvocationHelper.java:133)
	at org.testng.internal.MethodInvocationHelper.invokeMethodConsideringTimeout(MethodInvocationHelper.java:62)
	at org.testng.internal.ConfigInvoker.invokeConfigurationMethod(ConfigInvoker.java:385)
	at org.testng.internal.ConfigInvoker.invokeConfigurations(ConfigInvoker.java:321)
	at org.testng.TestRunner.invokeTestConfigurations(TestRunner.java:637)
	at org.testng.TestRunner.beforeRun(TestRunner.java:627)
	at org.testng.TestRunner.run(TestRunner.java:589)
	at org.testng.SuiteRunner.runTest(SuiteRunner.java:377)
	at org.testng.SuiteRunner.runSequentially(SuiteRunner.java:371)
	at org.testng.SuiteRunner.privateRun(SuiteRunner.java:332)
	at org.testng.SuiteRunner.run(SuiteRunner.java:276)
	at org.testng.SuiteRunnerWorker.runSuite(SuiteRunnerWorker.java:53)
	at org.testng.SuiteRunnerWorker.run(SuiteRunnerWorker.java:96)
	at org.testng.TestNG.runSuitesSequentially(TestNG.java:1212)
	at org.testng.TestNG.runSuitesLocally(TestNG.java:1134)
	at org.testng.TestNG.runSuites(TestNG.java:1063)
	at org.testng.TestNG.run(TestNG.java:1031)
	at org.testng.remote.AbstractRemoteTestNG.run(AbstractRemoteTestNG.java:115)
	at org.testng.remote.RemoteTestNG.initAndRun(RemoteTestNG.java:251)
	at org.testng.remote.RemoteTestNG.main(RemoteTestNG.java:77)
</pre></div></td>
<td>0</td>
<td>TestNGpack.VerifyAddToCardButton@6ae5aa72</td></tr>
</table><p>
<table width='100%' border='1' class='invocation-skipped'>
<tr><td colspan='4' align='center'><b>SKIPPED CONFIGURATIONS</b></td></tr>
<tr><td><b>Test method</b></td>
<td width="30%"><b>Exception</b></td>
<td width="10%"><b>Time (seconds)</b></td>
<td><b>Instance</b></td>
</tr>
<tr>
<td title='TestNGpack.VerifyAddToCardButton.logOutFromApplication()'><b>logOutFromApplication</b><br>Test class: TestNGpack.VerifyAddToCardButton</td>
<td></td>
<td>-1668948910</td>
<td>TestNGpack.VerifyAddToCardButton@6ae5aa72</td></tr>
<tr>
<td title='TestNGpack.VerifyProductDetailspage.closeBrowser()'><b>closeBrowser</b><br>Test class: TestNGpack.VerifyProductDetailspage</td>
<td></td>
<td>-1668948910</td>
<td>TestNGpack.VerifyProductDetailspage@38c6f217</td></tr>
<tr>
<td title='TestNGpack.VerifyProductDetailspage.createPOMObjects()'><b>createPOMObjects</b><br>Test class: TestNGpack.VerifyProductDetailspage</td>
<td></td>
<td>-1668948910</td>
<td>TestNGpack.VerifyProductDetailspage@38c6f217</td></tr>
<tr>
<td title='TestNGpack.VerifyAddToCardButton.logOutFromApplication()'><b>logOutFromApplication</b><br>Test class: TestNGpack.VerifyAddToCardButton</td>
<td></td>
<td>-1668948910</td>
<td>TestNGpack.VerifyAddToCardButton@6ae5aa72</td></tr>
<tr>
<td title='TestNGpack.VerifyHomePage.logoutFromApplication()'><b>logoutFromApplication</b><br>Test class: TestNGpack.VerifyHomePage</td>
<td></td>
<td>-1668948910</td>
<td>TestNGpack.VerifyHomePage@478190fc</td></tr>
<tr>
<td title='TestNGpack.VerifyProductDetailspage.logoutApplication()'><b>logoutApplication</b><br>Test class: TestNGpack.VerifyProductDetailspage</td>
<td></td>
<td>-1668948910</td>
<td>TestNGpack.VerifyProductDetailspage@38c6f217</td></tr>
<tr>
<td title='TestNGpack.VerifyAddToCardButton.logOutFromApplication()'><b>logOutFromApplication</b><br>Test class: TestNGpack.VerifyAddToCardButton</td>
<td></td>
<td>-1668948910</td>
<td>TestNGpack.VerifyAddToCardButton@6ae5aa72</td></tr>
<tr>
<td title='TestNGpack.VerifyHomePage.launchBrowser()'><b>launchBrowser</b><br>Test class: TestNGpack.VerifyHomePage</td>
<td></td>
<td>-1668948910</td>
<td>TestNGpack.VerifyHomePage@478190fc</td></tr>
<tr>
<td title='TestNGpack.VerifyHomePage.openAmazonHomePage()'><b>openAmazonHomePage</b><br>Test class: TestNGpack.VerifyHomePage</td>
<td></td>
<td>-1668948910</td>
<td>TestNGpack.VerifyHomePage@478190fc</td></tr>
<tr>
<td title='TestNGpack.VerifyAddToCardButton.clearAll()'><b>clearAll</b><br>Test class: TestNGpack.VerifyAddToCardButton</td>
<td></td>
<td>-1668948910</td>
<td>TestNGpack.VerifyAddToCardButton@6ae5aa72</td></tr>
<tr>
<td title='TestNGpack.VerifyProductDetailspage.openAmazoneHomePage()'><b>openAmazoneHomePage</b><br>Test class: TestNGpack.VerifyProductDetailspage</td>
<td></td>
<td>-1668948910</td>
<td>TestNGpack.VerifyProductDetailspage@38c6f217</td></tr>
<tr>
<td title='TestNGpack.VerifyAddToCardButton.closeTheBrowser()'><b>closeTheBrowser</b><br>Test class: TestNGpack.VerifyAddToCardButton</td>
<td></td>
<td>-1668948910</td>
<td>TestNGpack.VerifyAddToCardButton@6ae5aa72</td></tr>
<tr>
<td title='TestNGpack.VerifyHomePage.createPOMObjects()'><b>createPOMObjects</b><br>Test class: TestNGpack.VerifyHomePage</td>
<td></td>
<td>-1668948910</td>
<td>TestNGpack.VerifyHomePage@478190fc</td></tr>
<tr>
<td title='TestNGpack.VerifyProductDetailspage.clearAll()'><b>clearAll</b><br>Test class: TestNGpack.VerifyProductDetailspage</td>
<td></td>
<td>-1668948910</td>
<td>TestNGpack.VerifyProductDetailspage@38c6f217</td></tr>
<tr>
<td title='TestNGpack.VerifyProductDetailspage.openAmazoneHomePage()'><b>openAmazoneHomePage</b><br>Test class: TestNGpack.VerifyProductDetailspage</td>
<td></td>
<td>-1668948910</td>
<td>TestNGpack.VerifyProductDetailspage@38c6f217</td></tr>
<tr>
<td title='TestNGpack.VerifyProductDetailspage.launchBrowser()'><b>launchBrowser</b><br>Test class: TestNGpack.VerifyProductDetailspage</td>
<td></td>
<td>-1668948910</td>
<td>TestNGpack.VerifyProductDetailspage@38c6f217</td></tr>
<tr>
<td title='TestNGpack.VerifyHomePage.closeBrowser()'><b>closeBrowser</b><br>Test class: TestNGpack.VerifyHomePage</td>
<td></td>
<td>-1668948910</td>
<td>TestNGpack.VerifyHomePage@478190fc</td></tr>
<tr>
<td title='TestNGpack.VerifyHomePage.clearAll()'><b>clearAll</b><br>Test class: TestNGpack.VerifyHomePage</td>
<td></td>
<td>-1668948910</td>
<td>TestNGpack.VerifyHomePage@478190fc</td></tr>
<tr>
<td title='TestNGpack.VerifyAddToCardButton.openAmazonHomePage()'><b>openAmazonHomePage</b><br>Test class: TestNGpack.VerifyAddToCardButton</td>
<td></td>
<td>-1668948910</td>
<td>TestNGpack.VerifyAddToCardButton@6ae5aa72</td></tr>
<tr>
<td title='TestNGpack.VerifyAddToCardButton.createPOMObjects()'><b>createPOMObjects</b><br>Test class: TestNGpack.VerifyAddToCardButton</td>
<td></td>
<td>-1668948910</td>
<td>TestNGpack.VerifyAddToCardButton@6ae5aa72</td></tr>
<tr>
<td title='TestNGpack.VerifyAddToCardButton.openAmazonHomePage()'><b>openAmazonHomePage</b><br>Test class: TestNGpack.VerifyAddToCardButton</td>
<td></td>
<td>-1668948910</td>
<td>TestNGpack.VerifyAddToCardButton@6ae5aa72</td></tr>
<tr>
<td title='TestNGpack.VerifyProductDetailspage.logoutApplication()'><b>logoutApplication</b><br>Test class: TestNGpack.VerifyProductDetailspage</td>
<td></td>
<td>-1668948910</td>
<td>TestNGpack.VerifyProductDetailspage@38c6f217</td></tr>
<tr>
<td title='TestNGpack.VerifyHomePage.logoutFromApplication()'><b>logoutFromApplication</b><br>Test class: TestNGpack.VerifyHomePage</td>
<td></td>
<td>-1668948910</td>
<td>TestNGpack.VerifyHomePage@478190fc</td></tr>
<tr>
<td title='TestNGpack.VerifyProductDetailspage.logoutApplication()'><b>logoutApplication</b><br>Test class: TestNGpack.VerifyProductDetailspage</td>
<td></td>
<td>-1668948910</td>
<td>TestNGpack.VerifyProductDetailspage@38c6f217</td></tr>
<tr>
<td title='TestNGpack.VerifyProductDetailspage.openAmazoneHomePage()'><b>openAmazoneHomePage</b><br>Test class: TestNGpack.VerifyProductDetailspage</td>
<td></td>
<td>-1668948910</td>
<td>TestNGpack.VerifyProductDetailspage@38c6f217</td></tr>
<tr>
<td title='TestNGpack.VerifyHomePage.openAmazonHomePage()'><b>openAmazonHomePage</b><br>Test class: TestNGpack.VerifyHomePage</td>
<td></td>
<td>-1668948910</td>
<td>TestNGpack.VerifyHomePage@478190fc</td></tr>
<tr>
<td title='TestNGpack.VerifyAddToCardButton.openAmazonHomePage()'><b>openAmazonHomePage</b><br>Test class: TestNGpack.VerifyAddToCardButton</td>
<td></td>
<td>-1668948910</td>
<td>TestNGpack.VerifyAddToCardButton@6ae5aa72</td></tr>
</table><p>
<table width='100%' border='1' class='invocation-skipped'>
<tr><td colspan='4' align='center'><b>SKIPPED TESTS</b></td></tr>
<tr><td><b>Test method</b></td>
<td width="30%"><b>Exception</b></td>
<td width="10%"><b>Time (seconds)</b></td>
<td><b>Instance</b></td>
</tr>
<tr>
<td title='TestNGpack.VerifyAddToCardButton.verifySearchBar()'><b>verifySearchBar</b><br>Test class: TestNGpack.VerifyAddToCardButton</td>
<td><div><pre>java.lang.IllegalStateException: The driver executable does not exist: C:\Users\JAYSHRI WASEKAR\git\AmazonRepository\AmazonAutomate\src\test\resources\browsers\chromeBrowser
	at com.google.common.base.Preconditions.checkState(Preconditions.java:585)
	at org.openqa.selenium.remote.service.DriverService.checkExecutable(DriverService.java:146)
	at org.openqa.selenium.remote.service.DriverService.findExecutable(DriverService.java:141)
	at org.openqa.selenium.chrome.ChromeDriverService.access$000(ChromeDriverService.java:35)
	at org.openqa.selenium.chrome.ChromeDriverService$Builder.findDefaultExecutable(ChromeDriverService.java:159)
	at org.openqa.selenium.remote.service.DriverService$Builder.build(DriverService.java:355)
	at org.openqa.selenium.chrome.ChromeDriverService.createDefaultService(ChromeDriverService.java:94)
	at org.openqa.selenium.chrome.ChromeDriver.&lt;init&gt;(ChromeDriver.java:123)
	at setup.Base.openChromeBrowser(Base.java:13)
	at TestNGpack.VerifyAddToCardButton.launchBrowser(VerifyAddToCardButton.java:45)
... Removed 22 stack frames</pre></div><a href='#' onClick='toggleBox("stack-trace126549945", this, "Click to show all stack frames", "Click to hide stack frames")'>Click to show all stack frames</a>
<div class='stack-trace' id='stack-trace126549945'><pre>java.lang.IllegalStateException: The driver executable does not exist: C:\Users\JAYSHRI WASEKAR\git\AmazonRepository\AmazonAutomate\src\test\resources\browsers\chromeBrowser
	at com.google.common.base.Preconditions.checkState(Preconditions.java:585)
	at org.openqa.selenium.remote.service.DriverService.checkExecutable(DriverService.java:146)
	at org.openqa.selenium.remote.service.DriverService.findExecutable(DriverService.java:141)
	at org.openqa.selenium.chrome.ChromeDriverService.access$000(ChromeDriverService.java:35)
	at org.openqa.selenium.chrome.ChromeDriverService$Builder.findDefaultExecutable(ChromeDriverService.java:159)
	at org.openqa.selenium.remote.service.DriverService$Builder.build(DriverService.java:355)
	at org.openqa.selenium.chrome.ChromeDriverService.createDefaultService(ChromeDriverService.java:94)
	at org.openqa.selenium.chrome.ChromeDriver.&lt;init&gt;(ChromeDriver.java:123)
	at setup.Base.openChromeBrowser(Base.java:13)
	at TestNGpack.VerifyAddToCardButton.launchBrowser(VerifyAddToCardButton.java:45)
	at java.base/jdk.internal.reflect.DirectMethodHandleAccessor.invoke(DirectMethodHandleAccessor.java:104)
	at java.base/java.lang.reflect.Method.invoke(Method.java:577)
	at org.testng.internal.MethodInvocationHelper.invokeMethod(MethodInvocationHelper.java:133)
	at org.testng.internal.MethodInvocationHelper.invokeMethodConsideringTimeout(MethodInvocationHelper.java:62)
	at org.testng.internal.ConfigInvoker.invokeConfigurationMethod(ConfigInvoker.java:385)
	at org.testng.internal.ConfigInvoker.invokeConfigurations(ConfigInvoker.java:321)
	at org.testng.TestRunner.invokeTestConfigurations(TestRunner.java:637)
	at org.testng.TestRunner.beforeRun(TestRunner.java:627)
	at org.testng.TestRunner.run(TestRunner.java:589)
	at org.testng.SuiteRunner.runTest(SuiteRunner.java:377)
	at org.testng.SuiteRunner.runSequentially(SuiteRunner.java:371)
	at org.testng.SuiteRunner.privateRun(SuiteRunner.java:332)
	at org.testng.SuiteRunner.run(SuiteRunner.java:276)
	at org.testng.SuiteRunnerWorker.runSuite(SuiteRunnerWorker.java:53)
	at org.testng.SuiteRunnerWorker.run(SuiteRunnerWorker.java:96)
	at org.testng.TestNG.runSuitesSequentially(TestNG.java:1212)
	at org.testng.TestNG.runSuitesLocally(TestNG.java:1134)
	at org.testng.TestNG.runSuites(TestNG.java:1063)
	at org.testng.TestNG.run(TestNG.java:1031)
	at org.testng.remote.AbstractRemoteTestNG.run(AbstractRemoteTestNG.java:115)
	at org.testng.remote.RemoteTestNG.initAndRun(RemoteTestNG.java:251)
	at org.testng.remote.RemoteTestNG.main(RemoteTestNG.java:77)
</pre></div></td>
<td>0</td>
<td>TestNGpack.VerifyAddToCardButton@6ae5aa72</td></tr>
<tr>
<td title='TestNGpack.VerifyHomePage.verifyhomepage()'><b>verifyhomepage</b><br>Test class: TestNGpack.VerifyHomePage</td>
<td><div><pre>java.lang.IllegalStateException: The driver executable does not exist: C:\Users\JAYSHRI WASEKAR\git\AmazonRepository\AmazonAutomate\src\test\resources\browsers\chromeBrowser
	at com.google.common.base.Preconditions.checkState(Preconditions.java:585)
	at org.openqa.selenium.remote.service.DriverService.checkExecutable(DriverService.java:146)
	at org.openqa.selenium.remote.service.DriverService.findExecutable(DriverService.java:141)
	at org.openqa.selenium.chrome.ChromeDriverService.access$000(ChromeDriverService.java:35)
	at org.openqa.selenium.chrome.ChromeDriverService$Builder.findDefaultExecutable(ChromeDriverService.java:159)
	at org.openqa.selenium.remote.service.DriverService$Builder.build(DriverService.java:355)
	at org.openqa.selenium.chrome.ChromeDriverService.createDefaultService(ChromeDriverService.java:94)
	at org.openqa.selenium.chrome.ChromeDriver.&lt;init&gt;(ChromeDriver.java:123)
	at setup.Base.openChromeBrowser(Base.java:13)
	at TestNGpack.VerifyAddToCardButton.launchBrowser(VerifyAddToCardButton.java:45)
... Removed 22 stack frames</pre></div><a href='#' onClick='toggleBox("stack-trace1279327956", this, "Click to show all stack frames", "Click to hide stack frames")'>Click to show all stack frames</a>
<div class='stack-trace' id='stack-trace1279327956'><pre>java.lang.IllegalStateException: The driver executable does not exist: C:\Users\JAYSHRI WASEKAR\git\AmazonRepository\AmazonAutomate\src\test\resources\browsers\chromeBrowser
	at com.google.common.base.Preconditions.checkState(Preconditions.java:585)
	at org.openqa.selenium.remote.service.DriverService.checkExecutable(DriverService.java:146)
	at org.openqa.selenium.remote.service.DriverService.findExecutable(DriverService.java:141)
	at org.openqa.selenium.chrome.ChromeDriverService.access$000(ChromeDriverService.java:35)
	at org.openqa.selenium.chrome.ChromeDriverService$Builder.findDefaultExecutable(ChromeDriverService.java:159)
	at org.openqa.selenium.remote.service.DriverService$Builder.build(DriverService.java:355)
	at org.openqa.selenium.chrome.ChromeDriverService.createDefaultService(ChromeDriverService.java:94)
	at org.openqa.selenium.chrome.ChromeDriver.&lt;init&gt;(ChromeDriver.java:123)
	at setup.Base.openChromeBrowser(Base.java:13)
	at TestNGpack.VerifyAddToCardButton.launchBrowser(VerifyAddToCardButton.java:45)
	at java.base/jdk.internal.reflect.DirectMethodHandleAccessor.invoke(DirectMethodHandleAccessor.java:104)
	at java.base/java.lang.reflect.Method.invoke(Method.java:577)
	at org.testng.internal.MethodInvocationHelper.invokeMethod(MethodInvocationHelper.java:133)
	at org.testng.internal.MethodInvocationHelper.invokeMethodConsideringTimeout(MethodInvocationHelper.java:62)
	at org.testng.internal.ConfigInvoker.invokeConfigurationMethod(ConfigInvoker.java:385)
	at org.testng.internal.ConfigInvoker.invokeConfigurations(ConfigInvoker.java:321)
	at org.testng.TestRunner.invokeTestConfigurations(TestRunner.java:637)
	at org.testng.TestRunner.beforeRun(TestRunner.java:627)
	at org.testng.TestRunner.run(TestRunner.java:589)
	at org.testng.SuiteRunner.runTest(SuiteRunner.java:377)
	at org.testng.SuiteRunner.runSequentially(SuiteRunner.java:371)
	at org.testng.SuiteRunner.privateRun(SuiteRunner.java:332)
	at org.testng.SuiteRunner.run(SuiteRunner.java:276)
	at org.testng.SuiteRunnerWorker.runSuite(SuiteRunnerWorker.java:53)
	at org.testng.SuiteRunnerWorker.run(SuiteRunnerWorker.java:96)
	at org.testng.TestNG.runSuitesSequentially(TestNG.java:1212)
	at org.testng.TestNG.runSuitesLocally(TestNG.java:1134)
	at org.testng.TestNG.runSuites(TestNG.java:1063)
	at org.testng.TestNG.run(TestNG.java:1031)
	at org.testng.remote.AbstractRemoteTestNG.run(AbstractRemoteTestNG.java:115)
	at org.testng.remote.RemoteTestNG.initAndRun(RemoteTestNG.java:251)
	at org.testng.remote.RemoteTestNG.main(RemoteTestNG.java:77)
</pre></div></td>
<td>0</td>
<td>TestNGpack.VerifyHomePage@478190fc</td></tr>
<tr>
<td title='TestNGpack.VerifyHomePage.verifySearchBar()'><b>verifySearchBar</b><br>Test class: TestNGpack.VerifyHomePage</td>
<td><div><pre>java.lang.IllegalStateException: The driver executable does not exist: C:\Users\JAYSHRI WASEKAR\git\AmazonRepository\AmazonAutomate\src\test\resources\browsers\chromeBrowser
	at com.google.common.base.Preconditions.checkState(Preconditions.java:585)
	at org.openqa.selenium.remote.service.DriverService.checkExecutable(DriverService.java:146)
	at org.openqa.selenium.remote.service.DriverService.findExecutable(DriverService.java:141)
	at org.openqa.selenium.chrome.ChromeDriverService.access$000(ChromeDriverService.java:35)
	at org.openqa.selenium.chrome.ChromeDriverService$Builder.findDefaultExecutable(ChromeDriverService.java:159)
	at org.openqa.selenium.remote.service.DriverService$Builder.build(DriverService.java:355)
	at org.openqa.selenium.chrome.ChromeDriverService.createDefaultService(ChromeDriverService.java:94)
	at org.openqa.selenium.chrome.ChromeDriver.&lt;init&gt;(ChromeDriver.java:123)
	at setup.Base.openChromeBrowser(Base.java:13)
	at TestNGpack.VerifyAddToCardButton.launchBrowser(VerifyAddToCardButton.java:45)
... Removed 22 stack frames</pre></div><a href='#' onClick='toggleBox("stack-trace891429063", this, "Click to show all stack frames", "Click to hide stack frames")'>Click to show all stack frames</a>
<div class='stack-trace' id='stack-trace891429063'><pre>java.lang.IllegalStateException: The driver executable does not exist: C:\Users\JAYSHRI WASEKAR\git\AmazonRepository\AmazonAutomate\src\test\resources\browsers\chromeBrowser
	at com.google.common.base.Preconditions.checkState(Preconditions.java:585)
	at org.openqa.selenium.remote.service.DriverService.checkExecutable(DriverService.java:146)
	at org.openqa.selenium.remote.service.DriverService.findExecutable(DriverService.java:141)
	at org.openqa.selenium.chrome.ChromeDriverService.access$000(ChromeDriverService.java:35)
	at org.openqa.selenium.chrome.ChromeDriverService$Builder.findDefaultExecutable(ChromeDriverService.java:159)
	at org.openqa.selenium.remote.service.DriverService$Builder.build(DriverService.java:355)
	at org.openqa.selenium.chrome.ChromeDriverService.createDefaultService(ChromeDriverService.java:94)
	at org.openqa.selenium.chrome.ChromeDriver.&lt;init&gt;(ChromeDriver.java:123)
	at setup.Base.openChromeBrowser(Base.java:13)
	at TestNGpack.VerifyAddToCardButton.launchBrowser(VerifyAddToCardButton.java:45)
	at java.base/jdk.internal.reflect.DirectMethodHandleAccessor.invoke(DirectMethodHandleAccessor.java:104)
	at java.base/java.lang.reflect.Method.invoke(Method.java:577)
	at org.testng.internal.MethodInvocationHelper.invokeMethod(MethodInvocationHelper.java:133)
	at org.testng.internal.MethodInvocationHelper.invokeMethodConsideringTimeout(MethodInvocationHelper.java:62)
	at org.testng.internal.ConfigInvoker.invokeConfigurationMethod(ConfigInvoker.java:385)
	at org.testng.internal.ConfigInvoker.invokeConfigurations(ConfigInvoker.java:321)
	at org.testng.TestRunner.invokeTestConfigurations(TestRunner.java:637)
	at org.testng.TestRunner.beforeRun(TestRunner.java:627)
	at org.testng.TestRunner.run(TestRunner.java:589)
	at org.testng.SuiteRunner.runTest(SuiteRunner.java:377)
	at org.testng.SuiteRunner.runSequentially(SuiteRunner.java:371)
	at org.testng.SuiteRunner.privateRun(SuiteRunner.java:332)
	at org.testng.SuiteRunner.run(SuiteRunner.java:276)
	at org.testng.SuiteRunnerWorker.runSuite(SuiteRunnerWorker.java:53)
	at org.testng.SuiteRunnerWorker.run(SuiteRunnerWorker.java:96)
	at org.testng.TestNG.runSuitesSequentially(TestNG.java:1212)
	at org.testng.TestNG.runSuitesLocally(TestNG.java:1134)
	at org.testng.TestNG.runSuites(TestNG.java:1063)
	at org.testng.TestNG.run(TestNG.java:1031)
	at org.testng.remote.AbstractRemoteTestNG.run(AbstractRemoteTestNG.java:115)
	at org.testng.remote.RemoteTestNG.initAndRun(RemoteTestNG.java:251)
	at org.testng.remote.RemoteTestNG.main(RemoteTestNG.java:77)
</pre></div></td>
<td>0</td>
<td>TestNGpack.VerifyHomePage@478190fc</td></tr>
<tr>
<td title='TestNGpack.VerifyAddToCardButton.verifyAddToCardButton()'><b>verifyAddToCardButton</b><br>Test class: TestNGpack.VerifyAddToCardButton</td>
<td><div><pre>java.lang.IllegalStateException: The driver executable does not exist: C:\Users\JAYSHRI WASEKAR\git\AmazonRepository\AmazonAutomate\src\test\resources\browsers\chromeBrowser
	at com.google.common.base.Preconditions.checkState(Preconditions.java:585)
	at org.openqa.selenium.remote.service.DriverService.checkExecutable(DriverService.java:146)
	at org.openqa.selenium.remote.service.DriverService.findExecutable(DriverService.java:141)
	at org.openqa.selenium.chrome.ChromeDriverService.access$000(ChromeDriverService.java:35)
	at org.openqa.selenium.chrome.ChromeDriverService$Builder.findDefaultExecutable(ChromeDriverService.java:159)
	at org.openqa.selenium.remote.service.DriverService$Builder.build(DriverService.java:355)
	at org.openqa.selenium.chrome.ChromeDriverService.createDefaultService(ChromeDriverService.java:94)
	at org.openqa.selenium.chrome.ChromeDriver.&lt;init&gt;(ChromeDriver.java:123)
	at setup.Base.openChromeBrowser(Base.java:13)
	at TestNGpack.VerifyAddToCardButton.launchBrowser(VerifyAddToCardButton.java:45)
... Removed 22 stack frames</pre></div><a href='#' onClick='toggleBox("stack-trace79654744", this, "Click to show all stack frames", "Click to hide stack frames")'>Click to show all stack frames</a>
<div class='stack-trace' id='stack-trace79654744'><pre>java.lang.IllegalStateException: The driver executable does not exist: C:\Users\JAYSHRI WASEKAR\git\AmazonRepository\AmazonAutomate\src\test\resources\browsers\chromeBrowser
	at com.google.common.base.Preconditions.checkState(Preconditions.java:585)
	at org.openqa.selenium.remote.service.DriverService.checkExecutable(DriverService.java:146)
	at org.openqa.selenium.remote.service.DriverService.findExecutable(DriverService.java:141)
	at org.openqa.selenium.chrome.ChromeDriverService.access$000(ChromeDriverService.java:35)
	at org.openqa.selenium.chrome.ChromeDriverService$Builder.findDefaultExecutable(ChromeDriverService.java:159)
	at org.openqa.selenium.remote.service.DriverService$Builder.build(DriverService.java:355)
	at org.openqa.selenium.chrome.ChromeDriverService.createDefaultService(ChromeDriverService.java:94)
	at org.openqa.selenium.chrome.ChromeDriver.&lt;init&gt;(ChromeDriver.java:123)
	at setup.Base.openChromeBrowser(Base.java:13)
	at TestNGpack.VerifyAddToCardButton.launchBrowser(VerifyAddToCardButton.java:45)
	at java.base/jdk.internal.reflect.DirectMethodHandleAccessor.invoke(DirectMethodHandleAccessor.java:104)
	at java.base/java.lang.reflect.Method.invoke(Method.java:577)
	at org.testng.internal.MethodInvocationHelper.invokeMethod(MethodInvocationHelper.java:133)
	at org.testng.internal.MethodInvocationHelper.invokeMethodConsideringTimeout(MethodInvocationHelper.java:62)
	at org.testng.internal.ConfigInvoker.invokeConfigurationMethod(ConfigInvoker.java:385)
	at org.testng.internal.ConfigInvoker.invokeConfigurations(ConfigInvoker.java:321)
	at org.testng.TestRunner.invokeTestConfigurations(TestRunner.java:637)
	at org.testng.TestRunner.beforeRun(TestRunner.java:627)
	at org.testng.TestRunner.run(TestRunner.java:589)
	at org.testng.SuiteRunner.runTest(SuiteRunner.java:377)
	at org.testng.SuiteRunner.runSequentially(SuiteRunner.java:371)
	at org.testng.SuiteRunner.privateRun(SuiteRunner.java:332)
	at org.testng.SuiteRunner.run(SuiteRunner.java:276)
	at org.testng.SuiteRunnerWorker.runSuite(SuiteRunnerWorker.java:53)
	at org.testng.SuiteRunnerWorker.run(SuiteRunnerWorker.java:96)
	at org.testng.TestNG.runSuitesSequentially(TestNG.java:1212)
	at org.testng.TestNG.runSuitesLocally(TestNG.java:1134)
	at org.testng.TestNG.runSuites(TestNG.java:1063)
	at org.testng.TestNG.run(TestNG.java:1031)
	at org.testng.remote.AbstractRemoteTestNG.run(AbstractRemoteTestNG.java:115)
	at org.testng.remote.RemoteTestNG.initAndRun(RemoteTestNG.java:251)
	at org.testng.remote.RemoteTestNG.main(RemoteTestNG.java:77)
</pre></div></td>
<td>0</td>
<td>TestNGpack.VerifyAddToCardButton@6ae5aa72</td></tr>
<tr>
<td title='TestNGpack.VerifyProductDetailspage.vefiySearchBarButton()'><b>vefiySearchBarButton</b><br>Test class: TestNGpack.VerifyProductDetailspage</td>
<td><div><pre>java.lang.IllegalStateException: The driver executable does not exist: C:\Users\JAYSHRI WASEKAR\git\AmazonRepository\AmazonAutomate\src\test\resources\browsers\chromeBrowser
	at com.google.common.base.Preconditions.checkState(Preconditions.java:585)
	at org.openqa.selenium.remote.service.DriverService.checkExecutable(DriverService.java:146)
	at org.openqa.selenium.remote.service.DriverService.findExecutable(DriverService.java:141)
	at org.openqa.selenium.chrome.ChromeDriverService.access$000(ChromeDriverService.java:35)
	at org.openqa.selenium.chrome.ChromeDriverService$Builder.findDefaultExecutable(ChromeDriverService.java:159)
	at org.openqa.selenium.remote.service.DriverService$Builder.build(DriverService.java:355)
	at org.openqa.selenium.chrome.ChromeDriverService.createDefaultService(ChromeDriverService.java:94)
	at org.openqa.selenium.chrome.ChromeDriver.&lt;init&gt;(ChromeDriver.java:123)
	at setup.Base.openChromeBrowser(Base.java:13)
	at TestNGpack.VerifyAddToCardButton.launchBrowser(VerifyAddToCardButton.java:45)
... Removed 22 stack frames</pre></div><a href='#' onClick='toggleBox("stack-trace955466698", this, "Click to show all stack frames", "Click to hide stack frames")'>Click to show all stack frames</a>
<div class='stack-trace' id='stack-trace955466698'><pre>java.lang.IllegalStateException: The driver executable does not exist: C:\Users\JAYSHRI WASEKAR\git\AmazonRepository\AmazonAutomate\src\test\resources\browsers\chromeBrowser
	at com.google.common.base.Preconditions.checkState(Preconditions.java:585)
	at org.openqa.selenium.remote.service.DriverService.checkExecutable(DriverService.java:146)
	at org.openqa.selenium.remote.service.DriverService.findExecutable(DriverService.java:141)
	at org.openqa.selenium.chrome.ChromeDriverService.access$000(ChromeDriverService.java:35)
	at org.openqa.selenium.chrome.ChromeDriverService$Builder.findDefaultExecutable(ChromeDriverService.java:159)
	at org.openqa.selenium.remote.service.DriverService$Builder.build(DriverService.java:355)
	at org.openqa.selenium.chrome.ChromeDriverService.createDefaultService(ChromeDriverService.java:94)
	at org.openqa.selenium.chrome.ChromeDriver.&lt;init&gt;(ChromeDriver.java:123)
	at setup.Base.openChromeBrowser(Base.java:13)
	at TestNGpack.VerifyAddToCardButton.launchBrowser(VerifyAddToCardButton.java:45)
	at java.base/jdk.internal.reflect.DirectMethodHandleAccessor.invoke(DirectMethodHandleAccessor.java:104)
	at java.base/java.lang.reflect.Method.invoke(Method.java:577)
	at org.testng.internal.MethodInvocationHelper.invokeMethod(MethodInvocationHelper.java:133)
	at org.testng.internal.MethodInvocationHelper.invokeMethodConsideringTimeout(MethodInvocationHelper.java:62)
	at org.testng.internal.ConfigInvoker.invokeConfigurationMethod(ConfigInvoker.java:385)
	at org.testng.internal.ConfigInvoker.invokeConfigurations(ConfigInvoker.java:321)
	at org.testng.TestRunner.invokeTestConfigurations(TestRunner.java:637)
	at org.testng.TestRunner.beforeRun(TestRunner.java:627)
	at org.testng.TestRunner.run(TestRunner.java:589)
	at org.testng.SuiteRunner.runTest(SuiteRunner.java:377)
	at org.testng.SuiteRunner.runSequentially(SuiteRunner.java:371)
	at org.testng.SuiteRunner.privateRun(SuiteRunner.java:332)
	at org.testng.SuiteRunner.run(SuiteRunner.java:276)
	at org.testng.SuiteRunnerWorker.runSuite(SuiteRunnerWorker.java:53)
	at org.testng.SuiteRunnerWorker.run(SuiteRunnerWorker.java:96)
	at org.testng.TestNG.runSuitesSequentially(TestNG.java:1212)
	at org.testng.TestNG.runSuitesLocally(TestNG.java:1134)
	at org.testng.TestNG.runSuites(TestNG.java:1063)
	at org.testng.TestNG.run(TestNG.java:1031)
	at org.testng.remote.AbstractRemoteTestNG.run(AbstractRemoteTestNG.java:115)
	at org.testng.remote.RemoteTestNG.initAndRun(RemoteTestNG.java:251)
	at org.testng.remote.RemoteTestNG.main(RemoteTestNG.java:77)
</pre></div></td>
<td>0</td>
<td>TestNGpack.VerifyProductDetailspage@38c6f217</td></tr>
<tr>
<td title='TestNGpack.VerifyAddToCardButton.logOutFromApplication()'><b>logOutFromApplication</b><br>Test class: TestNGpack.VerifyAddToCardButton</td>
<td><div><pre>java.lang.IllegalStateException: The driver executable does not exist: C:\Users\JAYSHRI WASEKAR\git\AmazonRepository\AmazonAutomate\src\test\resources\browsers\chromeBrowser
	at com.google.common.base.Preconditions.checkState(Preconditions.java:585)
	at org.openqa.selenium.remote.service.DriverService.checkExecutable(DriverService.java:146)
	at org.openqa.selenium.remote.service.DriverService.findExecutable(DriverService.java:141)
	at org.openqa.selenium.chrome.ChromeDriverService.access$000(ChromeDriverService.java:35)
	at org.openqa.selenium.chrome.ChromeDriverService$Builder.findDefaultExecutable(ChromeDriverService.java:159)
	at org.openqa.selenium.remote.service.DriverService$Builder.build(DriverService.java:355)
	at org.openqa.selenium.chrome.ChromeDriverService.createDefaultService(ChromeDriverService.java:94)
	at org.openqa.selenium.chrome.ChromeDriver.&lt;init&gt;(ChromeDriver.java:123)
	at setup.Base.openChromeBrowser(Base.java:13)
	at TestNGpack.VerifyAddToCardButton.launchBrowser(VerifyAddToCardButton.java:45)
... Removed 22 stack frames</pre></div><a href='#' onClick='toggleBox("stack-trace883667569", this, "Click to show all stack frames", "Click to hide stack frames")'>Click to show all stack frames</a>
<div class='stack-trace' id='stack-trace883667569'><pre>java.lang.IllegalStateException: The driver executable does not exist: C:\Users\JAYSHRI WASEKAR\git\AmazonRepository\AmazonAutomate\src\test\resources\browsers\chromeBrowser
	at com.google.common.base.Preconditions.checkState(Preconditions.java:585)
	at org.openqa.selenium.remote.service.DriverService.checkExecutable(DriverService.java:146)
	at org.openqa.selenium.remote.service.DriverService.findExecutable(DriverService.java:141)
	at org.openqa.selenium.chrome.ChromeDriverService.access$000(ChromeDriverService.java:35)
	at org.openqa.selenium.chrome.ChromeDriverService$Builder.findDefaultExecutable(ChromeDriverService.java:159)
	at org.openqa.selenium.remote.service.DriverService$Builder.build(DriverService.java:355)
	at org.openqa.selenium.chrome.ChromeDriverService.createDefaultService(ChromeDriverService.java:94)
	at org.openqa.selenium.chrome.ChromeDriver.&lt;init&gt;(ChromeDriver.java:123)
	at setup.Base.openChromeBrowser(Base.java:13)
	at TestNGpack.VerifyAddToCardButton.launchBrowser(VerifyAddToCardButton.java:45)
	at java.base/jdk.internal.reflect.DirectMethodHandleAccessor.invoke(DirectMethodHandleAccessor.java:104)
	at java.base/java.lang.reflect.Method.invoke(Method.java:577)
	at org.testng.internal.MethodInvocationHelper.invokeMethod(MethodInvocationHelper.java:133)
	at org.testng.internal.MethodInvocationHelper.invokeMethodConsideringTimeout(MethodInvocationHelper.java:62)
	at org.testng.internal.ConfigInvoker.invokeConfigurationMethod(ConfigInvoker.java:385)
	at org.testng.internal.ConfigInvoker.invokeConfigurations(ConfigInvoker.java:321)
	at org.testng.TestRunner.invokeTestConfigurations(TestRunner.java:637)
	at org.testng.TestRunner.beforeRun(TestRunner.java:627)
	at org.testng.TestRunner.run(TestRunner.java:589)
	at org.testng.SuiteRunner.runTest(SuiteRunner.java:377)
	at org.testng.SuiteRunner.runSequentially(SuiteRunner.java:371)
	at org.testng.SuiteRunner.privateRun(SuiteRunner.java:332)
	at org.testng.SuiteRunner.run(SuiteRunner.java:276)
	at org.testng.SuiteRunnerWorker.runSuite(SuiteRunnerWorker.java:53)
	at org.testng.SuiteRunnerWorker.run(SuiteRunnerWorker.java:96)
	at org.testng.TestNG.runSuitesSequentially(TestNG.java:1212)
	at org.testng.TestNG.runSuitesLocally(TestNG.java:1134)
	at org.testng.TestNG.runSuites(TestNG.java:1063)
	at org.testng.TestNG.run(TestNG.java:1031)
	at org.testng.remote.AbstractRemoteTestNG.run(AbstractRemoteTestNG.java:115)
	at org.testng.remote.RemoteTestNG.initAndRun(RemoteTestNG.java:251)
	at org.testng.remote.RemoteTestNG.main(RemoteTestNG.java:77)
</pre></div></td>
<td>0</td>
<td>TestNGpack.VerifyAddToCardButton@6ae5aa72</td></tr>
<tr>
<td title='TestNGpack.VerifyProductDetailspage.verifyProductDitails()'><b>verifyProductDitails</b><br>Test class: TestNGpack.VerifyProductDetailspage</td>
<td><div><pre>java.lang.IllegalStateException: The driver executable does not exist: C:\Users\JAYSHRI WASEKAR\git\AmazonRepository\AmazonAutomate\src\test\resources\browsers\chromeBrowser
	at com.google.common.base.Preconditions.checkState(Preconditions.java:585)
	at org.openqa.selenium.remote.service.DriverService.checkExecutable(DriverService.java:146)
	at org.openqa.selenium.remote.service.DriverService.findExecutable(DriverService.java:141)
	at org.openqa.selenium.chrome.ChromeDriverService.access$000(ChromeDriverService.java:35)
	at org.openqa.selenium.chrome.ChromeDriverService$Builder.findDefaultExecutable(ChromeDriverService.java:159)
	at org.openqa.selenium.remote.service.DriverService$Builder.build(DriverService.java:355)
	at org.openqa.selenium.chrome.ChromeDriverService.createDefaultService(ChromeDriverService.java:94)
	at org.openqa.selenium.chrome.ChromeDriver.&lt;init&gt;(ChromeDriver.java:123)
	at setup.Base.openChromeBrowser(Base.java:13)
	at TestNGpack.VerifyAddToCardButton.launchBrowser(VerifyAddToCardButton.java:45)
... Removed 22 stack frames</pre></div><a href='#' onClick='toggleBox("stack-trace424576514", this, "Click to show all stack frames", "Click to hide stack frames")'>Click to show all stack frames</a>
<div class='stack-trace' id='stack-trace424576514'><pre>java.lang.IllegalStateException: The driver executable does not exist: C:\Users\JAYSHRI WASEKAR\git\AmazonRepository\AmazonAutomate\src\test\resources\browsers\chromeBrowser
	at com.google.common.base.Preconditions.checkState(Preconditions.java:585)
	at org.openqa.selenium.remote.service.DriverService.checkExecutable(DriverService.java:146)
	at org.openqa.selenium.remote.service.DriverService.findExecutable(DriverService.java:141)
	at org.openqa.selenium.chrome.ChromeDriverService.access$000(ChromeDriverService.java:35)
	at org.openqa.selenium.chrome.ChromeDriverService$Builder.findDefaultExecutable(ChromeDriverService.java:159)
	at org.openqa.selenium.remote.service.DriverService$Builder.build(DriverService.java:355)
	at org.openqa.selenium.chrome.ChromeDriverService.createDefaultService(ChromeDriverService.java:94)
	at org.openqa.selenium.chrome.ChromeDriver.&lt;init&gt;(ChromeDriver.java:123)
	at setup.Base.openChromeBrowser(Base.java:13)
	at TestNGpack.VerifyAddToCardButton.launchBrowser(VerifyAddToCardButton.java:45)
	at java.base/jdk.internal.reflect.DirectMethodHandleAccessor.invoke(DirectMethodHandleAccessor.java:104)
	at java.base/java.lang.reflect.Method.invoke(Method.java:577)
	at org.testng.internal.MethodInvocationHelper.invokeMethod(MethodInvocationHelper.java:133)
	at org.testng.internal.MethodInvocationHelper.invokeMethodConsideringTimeout(MethodInvocationHelper.java:62)
	at org.testng.internal.ConfigInvoker.invokeConfigurationMethod(ConfigInvoker.java:385)
	at org.testng.internal.ConfigInvoker.invokeConfigurations(ConfigInvoker.java:321)
	at org.testng.TestRunner.invokeTestConfigurations(TestRunner.java:637)
	at org.testng.TestRunner.beforeRun(TestRunner.java:627)
	at org.testng.TestRunner.run(TestRunner.java:589)
	at org.testng.SuiteRunner.runTest(SuiteRunner.java:377)
	at org.testng.SuiteRunner.runSequentially(SuiteRunner.java:371)
	at org.testng.SuiteRunner.privateRun(SuiteRunner.java:332)
	at org.testng.SuiteRunner.run(SuiteRunner.java:276)
	at org.testng.SuiteRunnerWorker.runSuite(SuiteRunnerWorker.java:53)
	at org.testng.SuiteRunnerWorker.run(SuiteRunnerWorker.java:96)
	at org.testng.TestNG.runSuitesSequentially(TestNG.java:1212)
	at org.testng.TestNG.runSuitesLocally(TestNG.java:1134)
	at org.testng.TestNG.runSuites(TestNG.java:1063)
	at org.testng.TestNG.run(TestNG.java:1031)
	at org.testng.remote.AbstractRemoteTestNG.run(AbstractRemoteTestNG.java:115)
	at org.testng.remote.RemoteTestNG.initAndRun(RemoteTestNG.java:251)
	at org.testng.remote.RemoteTestNG.main(RemoteTestNG.java:77)
</pre></div></td>
<td>0</td>
<td>TestNGpack.VerifyProductDetailspage@38c6f217</td></tr>
<tr>
<td title='TestNGpack.VerifyProductDetailspage.verifyColourOfProduct()'><b>verifyColourOfProduct</b><br>Test class: TestNGpack.VerifyProductDetailspage</td>
<td><div><pre>java.lang.IllegalStateException: The driver executable does not exist: C:\Users\JAYSHRI WASEKAR\git\AmazonRepository\AmazonAutomate\src\test\resources\browsers\chromeBrowser
	at com.google.common.base.Preconditions.checkState(Preconditions.java:585)
	at org.openqa.selenium.remote.service.DriverService.checkExecutable(DriverService.java:146)
	at org.openqa.selenium.remote.service.DriverService.findExecutable(DriverService.java:141)
	at org.openqa.selenium.chrome.ChromeDriverService.access$000(ChromeDriverService.java:35)
	at org.openqa.selenium.chrome.ChromeDriverService$Builder.findDefaultExecutable(ChromeDriverService.java:159)
	at org.openqa.selenium.remote.service.DriverService$Builder.build(DriverService.java:355)
	at org.openqa.selenium.chrome.ChromeDriverService.createDefaultService(ChromeDriverService.java:94)
	at org.openqa.selenium.chrome.ChromeDriver.&lt;init&gt;(ChromeDriver.java:123)
	at setup.Base.openChromeBrowser(Base.java:13)
	at TestNGpack.VerifyAddToCardButton.launchBrowser(VerifyAddToCardButton.java:45)
... Removed 22 stack frames</pre></div><a href='#' onClick='toggleBox("stack-trace891136195", this, "Click to show all stack frames", "Click to hide stack frames")'>Click to show all stack frames</a>
<div class='stack-trace' id='stack-trace891136195'><pre>java.lang.IllegalStateException: The driver executable does not exist: C:\Users\JAYSHRI WASEKAR\git\AmazonRepository\AmazonAutomate\src\test\resources\browsers\chromeBrowser
	at com.google.common.base.Preconditions.checkState(Preconditions.java:585)
	at org.openqa.selenium.remote.service.DriverService.checkExecutable(DriverService.java:146)
	at org.openqa.selenium.remote.service.DriverService.findExecutable(DriverService.java:141)
	at org.openqa.selenium.chrome.ChromeDriverService.access$000(ChromeDriverService.java:35)
	at org.openqa.selenium.chrome.ChromeDriverService$Builder.findDefaultExecutable(ChromeDriverService.java:159)
	at org.openqa.selenium.remote.service.DriverService$Builder.build(DriverService.java:355)
	at org.openqa.selenium.chrome.ChromeDriverService.createDefaultService(ChromeDriverService.java:94)
	at org.openqa.selenium.chrome.ChromeDriver.&lt;init&gt;(ChromeDriver.java:123)
	at setup.Base.openChromeBrowser(Base.java:13)
	at TestNGpack.VerifyAddToCardButton.launchBrowser(VerifyAddToCardButton.java:45)
	at java.base/jdk.internal.reflect.DirectMethodHandleAccessor.invoke(DirectMethodHandleAccessor.java:104)
	at java.base/java.lang.reflect.Method.invoke(Method.java:577)
	at org.testng.internal.MethodInvocationHelper.invokeMethod(MethodInvocationHelper.java:133)
	at org.testng.internal.MethodInvocationHelper.invokeMethodConsideringTimeout(MethodInvocationHelper.java:62)
	at org.testng.internal.ConfigInvoker.invokeConfigurationMethod(ConfigInvoker.java:385)
	at org.testng.internal.ConfigInvoker.invokeConfigurations(ConfigInvoker.java:321)
	at org.testng.TestRunner.invokeTestConfigurations(TestRunner.java:637)
	at org.testng.TestRunner.beforeRun(TestRunner.java:627)
	at org.testng.TestRunner.run(TestRunner.java:589)
	at org.testng.SuiteRunner.runTest(SuiteRunner.java:377)
	at org.testng.SuiteRunner.runSequentially(SuiteRunner.java:371)
	at org.testng.SuiteRunner.privateRun(SuiteRunner.java:332)
	at org.testng.SuiteRunner.run(SuiteRunner.java:276)
	at org.testng.SuiteRunnerWorker.runSuite(SuiteRunnerWorker.java:53)
	at org.testng.SuiteRunnerWorker.run(SuiteRunnerWorker.java:96)
	at org.testng.TestNG.runSuitesSequentially(TestNG.java:1212)
	at org.testng.TestNG.runSuitesLocally(TestNG.java:1134)
	at org.testng.TestNG.runSuites(TestNG.java:1063)
	at org.testng.TestNG.run(TestNG.java:1031)
	at org.testng.remote.AbstractRemoteTestNG.run(AbstractRemoteTestNG.java:115)
	at org.testng.remote.RemoteTestNG.initAndRun(RemoteTestNG.java:251)
	at org.testng.remote.RemoteTestNG.main(RemoteTestNG.java:77)
</pre></div></td>
<td>0</td>
<td>TestNGpack.VerifyProductDetailspage@38c6f217</td></tr>
</table><p>
</body>
</html>