<?xml version="1.0" encoding="UTF-8"?>
<!-- Generated by org.testng.reporters.JUnitXMLReporter -->
<testsuite ignored="0" hostname="LAPTOP-I18JAT8J" failures="0" tests="8" name="OperaTest" time="0.133" errors="0" timestamp="2022-11-02T14:45:44 IST">
  <testcase classname="TestNGpack.VerifyAddToCardButton" name="@BeforeTest launchBrowser" time="0.108">
    <failure type="org.openqa.selenium.WebDriverException" message="unknown error: cannot find Opera binary
  (Driver info: operadriver=106.0.5249.119 (9f2101830b56fd2ea1408287f6c74e253ebcb7c6-refs/branch-heads/5249@{#797}),platform=Windows NT 10.0.19044 x86_64) (WARNING: The server did not provide any stacktrace information)
Command duration or timeout: 13 milliseconds
Build info: version: &amp;apos;3.141.59&amp;apos;, revision: &amp;apos;e82be7d358&amp;apos;, time: &amp;apos;2018-11-14T08:17:03&amp;apos;
System info: host: &amp;apos;LAPTOP-I18JAT8J&amp;apos;, ip: &amp;apos;192.168.213.188&amp;apos;, os.name: &amp;apos;Windows 10&amp;apos;, os.arch: &amp;apos;amd64&amp;apos;, os.version: &amp;apos;10.0&amp;apos;, java.version: &amp;apos;18.0.1.1&amp;apos;
Driver info: driver.version: OperaDriver">
      <![CDATA[org.openqa.selenium.WebDriverException: unknown error: cannot find Opera binary
  (Driver info: operadriver=106.0.5249.119 (9f2101830b56fd2ea1408287f6c74e253ebcb7c6-refs/branch-heads/5249@{#797}),platform=Windows NT 10.0.19044 x86_64) (WARNING: The server did not provide any stacktrace information)
Command duration or timeout: 13 milliseconds
Build info: version: '3.141.59', revision: 'e82be7d358', time: '2018-11-14T08:17:03'
System info: host: 'LAPTOP-I18JAT8J', ip: '192.168.213.188', os.name: 'Windows 10', os.arch: 'amd64', os.version: '10.0', java.version: '18.0.1.1'
Driver info: driver.version: OperaDriver
at org.openqa.selenium.remote.ErrorHandler.createThrowable(ErrorHandler.java:214)
at org.openqa.selenium.remote.ErrorHandler.throwIfResponseFailed(ErrorHandler.java:166)
at org.openqa.selenium.remote.JsonWireProtocolResponse.lambda$errorHandler$0(JsonWireProtocolResponse.java:54)
at org.openqa.selenium.remote.HandshakeResponse.lambda$getResponseFunction$0(HandshakeResponse.java:30)
at org.openqa.selenium.remote.ProtocolHandshake.lambda$createSession$0(ProtocolHandshake.java:126)
at java.base/java.util.stream.ReferencePipeline$3$1.accept(ReferencePipeline.java:197)
at java.base/java.util.Spliterators$ArraySpliterator.tryAdvance(Spliterators.java:1002)
at java.base/java.util.stream.ReferencePipeline.forEachWithCancel(ReferencePipeline.java:129)
at java.base/java.util.stream.AbstractPipeline.copyIntoWithCancel(AbstractPipeline.java:527)
at java.base/java.util.stream.AbstractPipeline.copyInto(AbstractPipeline.java:513)
at java.base/java.util.stream.AbstractPipeline.wrapAndCopyInto(AbstractPipeline.java:499)
at java.base/java.util.stream.FindOps$FindOp.evaluateSequential(FindOps.java:150)
at java.base/java.util.stream.AbstractPipeline.evaluate(AbstractPipeline.java:234)
at java.base/java.util.stream.ReferencePipeline.findFirst(ReferencePipeline.java:647)
at org.openqa.selenium.remote.ProtocolHandshake.createSession(ProtocolHandshake.java:128)
at org.openqa.selenium.remote.ProtocolHandshake.createSession(ProtocolHandshake.java:74)
at org.openqa.selenium.remote.HttpCommandExecutor.execute(HttpCommandExecutor.java:136)
at org.openqa.selenium.remote.service.DriverCommandExecutor.execute(DriverCommandExecutor.java:83)
at org.openqa.selenium.remote.RemoteWebDriver.execute(RemoteWebDriver.java:552)
at org.openqa.selenium.remote.RemoteWebDriver.startSession(RemoteWebDriver.java:213)
at org.openqa.selenium.remote.RemoteWebDriver.<init>(RemoteWebDriver.java:131)
at org.openqa.selenium.opera.OperaDriver.<init>(OperaDriver.java:173)
at org.openqa.selenium.opera.OperaDriver.<init>(OperaDriver.java:160)
at org.openqa.selenium.opera.OperaDriver.<init>(OperaDriver.java:115)
at setup.Base.openOperaBrowser(Base.java:24)
at TestNGpack.VerifyAddToCardButton.launchBrowser(VerifyAddToCardButton.java:42)
... Removed 25 stack frames]]>
    </failure>
  </testcase> <!-- @BeforeTest launchBrowser -->
  <testcase classname="TestNGpack.VerifyHomePage" name="@BeforeTest launchBrowser" time="-1.667380544859E9">
    <skipped/>
  </testcase> <!-- @BeforeTest launchBrowser -->
  <testcase classname="TestNGpack.VerifyProductDetailspage" name="@BeforeTest launchBrowser" time="-1.667380544859E9">
    <skipped/>
  </testcase> <!-- @BeforeTest launchBrowser -->
  <testcase classname="TestNGpack.VerifyAddToCardButton" name="@BeforeClass createPOMObjects" time="-1.667380544861E9">
    <skipped/>
  </testcase> <!-- @BeforeClass createPOMObjects -->
  <testcase classname="TestNGpack.VerifyProductDetailspage" name="@BeforeClass createPOMObjects" time="-1.667380544861E9">
    <skipped/>
  </testcase> <!-- @BeforeClass createPOMObjects -->
  <testcase classname="TestNGpack.VerifyHomePage" name="@BeforeClass createPOMObjects" time="-1.667380544861E9">
    <skipped/>
  </testcase> <!-- @BeforeClass createPOMObjects -->
  <testcase classname="TestNGpack.VerifyHomePage" name="@BeforeMethod openAmazonHomePage" time="-1.667380544862E9">
    <skipped/>
  </testcase> <!-- @BeforeMethod openAmazonHomePage -->
  <testcase classname="TestNGpack.VerifyAddToCardButton" name="@BeforeMethod openAmazonHomePage" time="-1.667380544863E9">
    <skipped/>
  </testcase> <!-- @BeforeMethod openAmazonHomePage -->
  <testcase classname="TestNGpack.VerifyProductDetailspage" name="@BeforeMethod openAmazoneHomePage" time="-1.667380544863E9">
    <skipped/>
  </testcase> <!-- @BeforeMethod openAmazoneHomePage -->
  <testcase classname="TestNGpack.VerifyAddToCardButton" name="@AfterMethod logOutFromApplication" time="-1.667380544866E9">
    <skipped/>
  </testcase> <!-- @AfterMethod logOutFromApplication -->
  <testcase classname="TestNGpack.VerifyProductDetailspage" name="@AfterMethod logoutApplication" time="-1.667380544866E9">
    <skipped/>
  </testcase> <!-- @AfterMethod logoutApplication -->
  <testcase classname="TestNGpack.VerifyHomePage" name="@AfterMethod logoutFromApplication" time="-1.667380544867E9">
    <skipped/>
  </testcase> <!-- @AfterMethod logoutFromApplication -->
  <testcase classname="TestNGpack.VerifyAddToCardButton" name="@BeforeMethod openAmazonHomePage" time="-1.667380544867E9">
    <skipped/>
  </testcase> <!-- @BeforeMethod openAmazonHomePage -->
  <testcase classname="TestNGpack.VerifyProductDetailspage" name="@BeforeMethod openAmazoneHomePage" time="-1.667380544868E9">
    <skipped/>
  </testcase> <!-- @BeforeMethod openAmazoneHomePage -->
  <testcase classname="TestNGpack.VerifyHomePage" name="@BeforeMethod openAmazonHomePage" time="-1.667380544869E9">
    <skipped/>
  </testcase> <!-- @BeforeMethod openAmazonHomePage -->
  <testcase classname="TestNGpack.VerifyProductDetailspage" name="@AfterMethod logoutApplication" time="-1.667380544871E9">
    <skipped/>
  </testcase> <!-- @AfterMethod logoutApplication -->
  <testcase classname="TestNGpack.VerifyProductDetailspage" name="@BeforeMethod openAmazoneHomePage" time="-1.667380544873E9">
    <skipped/>
  </testcase> <!-- @BeforeMethod openAmazoneHomePage -->
  <testcase classname="TestNGpack.VerifyAddToCardButton" name="@AfterMethod logOutFromApplication" time="-1.667380544873E9">
    <skipped/>
  </testcase> <!-- @AfterMethod logOutFromApplication -->
  <testcase classname="TestNGpack.VerifyHomePage" name="@AfterMethod logoutFromApplication" time="-1.667380544874E9">
    <skipped/>
  </testcase> <!-- @AfterMethod logoutFromApplication -->
  <testcase classname="TestNGpack.VerifyProductDetailspage" name="@AfterMethod logoutApplication" time="-1.667380544875E9">
    <skipped/>
  </testcase> <!-- @AfterMethod logoutApplication -->
  <testcase classname="TestNGpack.VerifyAddToCardButton" name="@BeforeMethod openAmazonHomePage" time="-1.667380544875E9">
    <skipped/>
  </testcase> <!-- @BeforeMethod openAmazonHomePage -->
  <testcase classname="TestNGpack.VerifyProductDetailspage" name="@AfterClass clearAll" time="-1.667380544876E9">
    <skipped/>
  </testcase> <!-- @AfterClass clearAll -->
  <testcase classname="TestNGpack.VerifyHomePage" name="@AfterClass clearAll" time="-1.667380544876E9">
    <skipped/>
  </testcase> <!-- @AfterClass clearAll -->
  <testcase classname="TestNGpack.VerifyAddToCardButton" name="@AfterMethod logOutFromApplication" time="-1.667380544877E9">
    <skipped/>
  </testcase> <!-- @AfterMethod logOutFromApplication -->
  <testcase classname="TestNGpack.VerifyAddToCardButton" name="@AfterClass clearAll" time="-1.66738054488E9">
    <skipped/>
  </testcase> <!-- @AfterClass clearAll -->
  <testcase classname="TestNGpack.VerifyAddToCardButton" name="@AfterTest closeTheBrowser" time="-1.667380544881E9">
    <skipped/>
  </testcase> <!-- @AfterTest closeTheBrowser -->
  <testcase classname="TestNGpack.VerifyHomePage" name="@AfterTest closeBrowser" time="-1.667380544882E9">
    <skipped/>
  </testcase> <!-- @AfterTest closeBrowser -->
  <testcase classname="TestNGpack.VerifyProductDetailspage" name="@AfterTest closeBrowser" time="-1.667380544882E9">
    <skipped/>
  </testcase> <!-- @AfterTest closeBrowser -->
  <testcase classname="TestNGpack.VerifyProductDetailspage" name="vefiySearchBarButton" time="0.0">
    <skipped/>
  </testcase> <!-- vefiySearchBarButton -->
  <testcase classname="TestNGpack.VerifyAddToCardButton" name="verifySearchBar" time="0.0">
    <skipped/>
  </testcase> <!-- verifySearchBar -->
  <testcase classname="TestNGpack.VerifyHomePage" name="verifyhomepage" time="0.0">
    <skipped/>
  </testcase> <!-- verifyhomepage -->
  <testcase classname="TestNGpack.VerifyProductDetailspage" name="verifyProductDitails" time="0.0">
    <skipped/>
  </testcase> <!-- verifyProductDitails -->
  <testcase classname="TestNGpack.VerifyAddToCardButton" name="verifyAddToCardButton" time="0.0">
    <skipped/>
  </testcase> <!-- verifyAddToCardButton -->
  <testcase classname="TestNGpack.VerifyHomePage" name="verifySearchBar" time="0.0">
    <skipped/>
  </testcase> <!-- verifySearchBar -->
  <testcase classname="TestNGpack.VerifyProductDetailspage" name="verifyColourOfProduct" time="0.0">
    <skipped/>
  </testcase> <!-- verifyColourOfProduct -->
  <testcase classname="TestNGpack.VerifyAddToCardButton" name="logOutFromApplication" time="0.0">
    <skipped/>
  </testcase> <!-- logOutFromApplication -->
</testsuite> <!-- OperaTest -->
